<?xml version="1.0" encoding="UTF-8"?>
<!-- Generated by org.testng.reporters.JUnitXMLReporter -->
<testsuite ignored="0" hostname="MI" failures="0" tests="2" name="LoginTest" time="3.875" errors="0" timestamp="2025-03-22T09:27:27 IST">
  <testcase classname="utils.BaseTest" name="@AfterMethod tearDown" time="0.009">
    <failure type="java.lang.NullPointerException" message="Cannot invoke &amp;quot;org.openqa.selenium.WebDriver.quit()&amp;quot; because &amp;quot;this.driver&amp;quot; is null">
      <![CDATA[java.lang.NullPointerException: Cannot invoke "org.openqa.selenium.WebDriver.quit()" because "this.driver" is null
at utils.BaseTest.tearDown(BaseTest.java:53)
at java.base/java.util.ArrayList.forEach(ArrayList.java:1597)
... Removed 30 stack frames]]>
    </failure>
  </testcase> <!-- @AfterMethod tearDown -->
  <testcase classname="utils.BaseTest" name="@AfterMethod tearDown" time="0.0">
    <skipped/>
  </testcase> <!-- @AfterMethod tearDown -->
  <testcase classname="LoginTest" name="openGoogle" time="1.865"/>
  <testcase classname="LoginTest" name="facebookTest" time="0.0">
    <skipped/>
  </testcase> <!-- facebookTest -->
</testsuite> <!-- LoginTest -->
