<?xml version="1.0" encoding="UTF-8"?>
<testng-results ignored="0" total="1" passed="1" failed="0" skipped="0">
  <reporter-output>
  </reporter-output>
  <suite started-at="2025-03-22T09:03:38 IST" name="Suite" finished-at="2025-03-22T09:03:42 IST" duration-ms="3704">
    <groups>
    </groups>
    <test started-at="2025-03-22T09:03:38 IST" name="LoginTest" finished-at="2025-03-22T09:03:42 IST" duration-ms="3704">
      <class name="LoginTest">
        <test-method is-config="true" signature="setup()[pri:0, instance:LoginTest@43301423]" started-at="2025-03-22T09:03:38 IST" name="setup" finished-at="2025-03-22T09:03:40 IST" duration-ms="1942" status="PASS">
          <reporter-output>
          </reporter-output>
        </test-method> <!-- setup -->
        <test-method signature="openGoogle()[pri:0, instance:LoginTest@43301423]" started-at="2025-03-22T09:03:40 IST" name="openGoogle" finished-at="2025-03-22T09:03:42 IST" duration-ms="1687" status="PASS">
          <reporter-output>
          </reporter-output>
        </test-method> <!-- openGoogle -->
      </class> <!-- LoginTest -->
    </test> <!-- LoginTest -->
  </suite> <!-- Suite -->
</testng-results>
