<?xml version="1.0" encoding="UTF-8"?>
<testng-results ignored="0" total="3" passed="3" failed="0" skipped="0">
  <reporter-output>
  </reporter-output>
  <suite started-at="2025-03-22T11:50:34 IST" name="Default suite" finished-at="2025-03-22T11:50:48 IST" duration-ms="14394">
    <groups>
    </groups>
    <test started-at="2025-03-22T11:50:34 IST" name="Default test" finished-at="2025-03-22T11:50:48 IST" duration-ms="14394">
      <class name="LoginTest">
        <test-method is-config="true" signature="setUpReport()[pri:0, instance:LoginTest@7494f96a]" started-at="2025-03-22T11:50:34 IST" name="setUpReport" finished-at="2025-03-22T11:50:34 IST" duration-ms="369" status="PASS">
          <reporter-output>
          </reporter-output>
        </test-method> <!-- setUpReport -->
        <test-method is-config="true" signature="setup()[pri:0, instance:LoginTest@7494f96a]" started-at="2025-03-22T11:50:35 IST" name="setup" finished-at="2025-03-22T11:50:38 IST" duration-ms="3403" status="PASS">
          <reporter-output>
          </reporter-output>
        </test-method> <!-- setup -->
        <test-method is-config="true" signature="setupTest()[pri:0, instance:LoginTest@7494f96a]" started-at="2025-03-22T11:50:38 IST" name="setupTest" finished-at="2025-03-22T11:50:39 IST" duration-ms="895" status="PASS">
          <reporter-output>
          </reporter-output>
        </test-method> <!-- setupTest -->
        <test-method signature="loginTest(java.lang.String,java.lang.String)[pri:0, instance:LoginTest@7494f96a]" started-at="2025-03-22T11:50:39 IST" name="loginTest" data-provider="loginData" finished-at="2025-03-22T11:50:40 IST" duration-ms="603" status="PASS">
          <params>
            <param index="0">
              <value>
                <![CDATA[standard_user]]>
              </value>
            </param>
            <param index="1">
              <value>
                <![CDATA[secret_sauce]]>
              </value>
            </param>
          </params>
          <reporter-output>
          </reporter-output>
        </test-method> <!-- loginTest -->
        <test-method is-config="true" signature="tearDown()[pri:0, instance:LoginTest@7494f96a]" started-at="2025-03-22T11:50:40 IST" name="tearDown" finished-at="2025-03-22T11:50:40 IST" duration-ms="385" status="PASS">
          <reporter-output>
          </reporter-output>
        </test-method> <!-- tearDown -->
        <test-method is-config="true" signature="tearDown(org.testng.ITestResult)[pri:0, instance:LoginTest@7494f96a]" started-at="2025-03-22T11:50:40 IST" name="tearDown" finished-at="2025-03-22T11:50:41 IST" duration-ms="626" status="PASS">
          <params>
            <param index="0">
              <value>
                <![CDATA[[TestResult name=loginTest status=SUCCESS method=LoginTest.loginTest(java.lang.String,java.lang.String)[pri:0, instance:LoginTest@7494f96a] output={null}]]]>
              </value>
            </param>
          </params>
          <reporter-output>
          </reporter-output>
        </test-method> <!-- tearDown -->
        <test-method is-config="true" signature="setup()[pri:0, instance:LoginTest@7494f96a]" started-at="2025-03-22T11:50:41 IST" name="setup" finished-at="2025-03-22T11:50:43 IST" duration-ms="1770" status="PASS">
          <reporter-output>
          </reporter-output>
        </test-method> <!-- setup -->
        <test-method is-config="true" signature="setupTest()[pri:0, instance:LoginTest@7494f96a]" started-at="2025-03-22T11:50:43 IST" name="setupTest" finished-at="2025-03-22T11:50:43 IST" duration-ms="890" status="PASS">
          <reporter-output>
          </reporter-output>
        </test-method> <!-- setupTest -->
        <test-method signature="loginTest(java.lang.String,java.lang.String)[pri:0, instance:LoginTest@7494f96a]" started-at="2025-03-22T11:50:43 IST" name="loginTest" data-provider="loginData" finished-at="2025-03-22T11:50:44 IST" duration-ms="533" status="PASS">
          <params>
            <param index="0">
              <value>
                <![CDATA[locked_out_user]]>
              </value>
            </param>
            <param index="1">
              <value>
                <![CDATA[pass456]]>
              </value>
            </param>
          </params>
          <reporter-output>
          </reporter-output>
        </test-method> <!-- loginTest -->
        <test-method is-config="true" signature="tearDown()[pri:0, instance:LoginTest@7494f96a]" started-at="2025-03-22T11:50:44 IST" name="tearDown" finished-at="2025-03-22T11:50:44 IST" duration-ms="336" status="PASS">
          <reporter-output>
          </reporter-output>
        </test-method> <!-- tearDown -->
        <test-method is-config="true" signature="tearDown(org.testng.ITestResult)[pri:0, instance:LoginTest@7494f96a]" started-at="2025-03-22T11:50:44 IST" name="tearDown" finished-at="2025-03-22T11:50:44 IST" duration-ms="29" status="PASS">
          <params>
            <param index="0">
              <value>
                <![CDATA[[TestResult name=loginTest status=SUCCESS method=LoginTest.loginTest(java.lang.String,java.lang.String)[pri:0, instance:LoginTest@7494f96a] output={null}]]]>
              </value>
            </param>
          </params>
          <reporter-output>
          </reporter-output>
        </test-method> <!-- tearDown -->
        <test-method is-config="true" signature="setup()[pri:0, instance:LoginTest@7494f96a]" started-at="2025-03-22T11:50:44 IST" name="setup" finished-at="2025-03-22T11:50:47 IST" duration-ms="2184" status="PASS">
          <reporter-output>
          </reporter-output>
        </test-method> <!-- setup -->
        <test-method is-config="true" signature="setupTest()[pri:0, instance:LoginTest@7494f96a]" started-at="2025-03-22T11:50:47 IST" name="setupTest" finished-at="2025-03-22T11:50:47 IST" duration-ms="880" status="PASS">
          <reporter-output>
          </reporter-output>
        </test-method> <!-- setupTest -->
        <test-method signature="loginTest(java.lang.String,java.lang.String)[pri:0, instance:LoginTest@7494f96a]" started-at="2025-03-22T11:50:47 IST" name="loginTest" data-provider="loginData" finished-at="2025-03-22T11:50:48 IST" duration-ms="498" status="PASS">
          <params>
            <param index="0">
              <value>
                <![CDATA[problem_user]]>
              </value>
            </param>
            <param index="1">
              <value>
                <![CDATA[pass789]]>
              </value>
            </param>
          </params>
          <reporter-output>
          </reporter-output>
        </test-method> <!-- loginTest -->
        <test-method is-config="true" signature="tearDown()[pri:0, instance:LoginTest@7494f96a]" started-at="2025-03-22T11:50:48 IST" name="tearDown" finished-at="2025-03-22T11:50:48 IST" duration-ms="369" status="PASS">
          <reporter-output>
          </reporter-output>
        </test-method> <!-- tearDown -->
        <test-method is-config="true" signature="tearDown(org.testng.ITestResult)[pri:0, instance:LoginTest@7494f96a]" started-at="2025-03-22T11:50:48 IST" name="tearDown" finished-at="2025-03-22T11:50:48 IST" duration-ms="72" status="PASS">
          <params>
            <param index="0">
              <value>
                <![CDATA[[TestResult name=loginTest status=SUCCESS method=LoginTest.loginTest(java.lang.String,java.lang.String)[pri:0, instance:LoginTest@7494f96a] output={null}]]]>
              </value>
            </param>
          </params>
          <reporter-output>
          </reporter-output>
        </test-method> <!-- tearDown -->
      </class> <!-- LoginTest -->
    </test> <!-- Default test -->
  </suite> <!-- Default suite -->
</testng-results>
