<?xml version="1.0" encoding="UTF-8"?>
<testng-results ignored="0" total="1" passed="1" failed="0" skipped="0">
  <reporter-output>
  </reporter-output>
  <suite started-at="2025-03-26T12:09:39 IST" name="Default suite" finished-at="2025-03-26T12:09:44 IST" duration-ms="4924">
    <groups>
    </groups>
    <test started-at="2025-03-26T12:09:39 IST" name="Default test" finished-at="2025-03-26T12:09:44 IST" duration-ms="4924">
      <class name="NewLoginTest">
        <test-method is-config="true" signature="setup()[pri:0, instance:NewLoginTest@c0c2f8d]" started-at="2025-03-26T12:09:39 IST" name="setup" finished-at="2025-03-26T12:09:43 IST" duration-ms="4138" status="PASS">
          <reporter-output>
          </reporter-output>
        </test-method> <!-- setup -->
        <test-method signature="test1()[pri:0, instance:NewLoginTest@c0c2f8d]" started-at="2025-03-26T12:09:43 IST" name="test1" finished-at="2025-03-26T12:09:44 IST" duration-ms="711" status="PASS">
          <reporter-output>
          </reporter-output>
        </test-method> <!-- test1 -->
      </class> <!-- NewLoginTest -->
    </test> <!-- Default test -->
  </suite> <!-- Default suite -->
</testng-results>
